TpTrace Verbose: 0 : 12116, 1, 2020/12/29, 09:43:10.865, 1586126157008, vstest.console.dll, Version: 16.8.0-release-20201022-02
TpTrace Information: 0 : 12116, 1, 2020/12/29, 09:43:10.874, 1586126229840, vstest.console.dll, FilePatternParser: The given file C:\Users\User\Desktop\VVS\zadaca 3\Domari\UnitTestProject1\bin\Debug\netcoreapp3.1\UnitTestProject1.dll is a full path.
TpTrace Verbose: 0 : 12116, 1, 2020/12/29, 09:43:10.880, 1586126284063, vstest.console.dll, TestPluginCache.DiscoverTestExtensions: finding test extensions in assemblies ends with: RuntimeProvider.dll TPluginInfo: Microsoft.VisualStudio.TestPlatform.Common.ExtensionFramework.Utilities.TestRuntimePluginInformation TExtension: Microsoft.VisualStudio.TestPlatform.ObjectModel.Host.ITestRuntimeProvider
TpTrace Verbose: 0 : 12116, 1, 2020/12/29, 09:43:10.882, 1586126306133, vstest.console.dll, TestPluginCache.GetExtensionPaths: Filtered extension paths: 
TpTrace Verbose: 0 : 12116, 1, 2020/12/29, 09:43:10.882, 1586126307241, vstest.console.dll, TestPluginCache.GetExtensionPaths: Added default extension paths: C:\Program Files\dotnet\sdk\5.0.100\Extensions\Microsoft.Diagnostics.NETCore.Client.dll
C:\Program Files\dotnet\sdk\5.0.100\Extensions\Microsoft.TestPlatform.Extensions.BlameDataCollector.dll
C:\Program Files\dotnet\sdk\5.0.100\Extensions\Microsoft.TestPlatform.Extensions.EventLogCollector.dll
C:\Program Files\dotnet\sdk\5.0.100\Extensions\Microsoft.TestPlatform.TestHostRuntimeProvider.dll
C:\Program Files\dotnet\sdk\5.0.100\Extensions\Microsoft.VisualStudio.TestPlatform.Extensions.Html.TestLogger.dll
C:\Program Files\dotnet\sdk\5.0.100\Extensions\Microsoft.VisualStudio.TestPlatform.Extensions.Trx.TestLogger.dll
TpTrace Verbose: 0 : 12116, 1, 2020/12/29, 09:43:10.882, 1586126307623, vstest.console.dll, TestPluginCache.GetExtensionPaths: Added unfilterableExtensionPaths: 
TpTrace Information: 0 : 12116, 1, 2020/12/29, 09:43:10.883, 1586126314971, vstest.console.dll, AssemblyResolver.ctor: Creating AssemblyResolver with searchDirectories C:\Program Files\dotnet\sdk\5.0.100\Extensions,C:\Program Files\dotnet\sdk\5.0.100
TpTrace Verbose: 0 : 12116, 1, 2020/12/29, 09:43:10.884, 1586126322482, vstest.console.dll, TestPluginCache.DiscoverTestExtensions: Discovering the extensions using extension path.
TpTrace Verbose: 0 : 12116, 1, 2020/12/29, 09:43:10.884, 1586126323608, vstest.console.dll, TestPluginCache.GetExtensionPaths: Filtered extension paths: 
TpTrace Verbose: 0 : 12116, 1, 2020/12/29, 09:43:10.884, 1586126323974, vstest.console.dll, TestPluginCache.GetExtensionPaths: Added default extension paths: C:\Program Files\dotnet\sdk\5.0.100\Extensions\Microsoft.Diagnostics.NETCore.Client.dll
C:\Program Files\dotnet\sdk\5.0.100\Extensions\Microsoft.TestPlatform.Extensions.BlameDataCollector.dll
C:\Program Files\dotnet\sdk\5.0.100\Extensions\Microsoft.TestPlatform.Extensions.EventLogCollector.dll
C:\Program Files\dotnet\sdk\5.0.100\Extensions\Microsoft.TestPlatform.TestHostRuntimeProvider.dll
C:\Program Files\dotnet\sdk\5.0.100\Extensions\Microsoft.VisualStudio.TestPlatform.Extensions.Html.TestLogger.dll
C:\Program Files\dotnet\sdk\5.0.100\Extensions\Microsoft.VisualStudio.TestPlatform.Extensions.Trx.TestLogger.dll
TpTrace Verbose: 0 : 12116, 1, 2020/12/29, 09:43:10.884, 1586126324305, vstest.console.dll, TestPluginCache.GetExtensionPaths: Added unfilterableExtensionPaths: 
TpTrace Verbose: 0 : 12116, 1, 2020/12/29, 09:43:10.884, 1586126324872, vstest.console.dll, TestPluginCache.DiscoverTestExtensions: Discovering the extensions using allExtensionPaths: C:\Program Files\dotnet\sdk\5.0.100\Extensions\Microsoft.Diagnostics.NETCore.Client.dll
C:\Program Files\dotnet\sdk\5.0.100\Extensions\Microsoft.TestPlatform.Extensions.BlameDataCollector.dll
C:\Program Files\dotnet\sdk\5.0.100\Extensions\Microsoft.TestPlatform.Extensions.EventLogCollector.dll
C:\Program Files\dotnet\sdk\5.0.100\Extensions\Microsoft.TestPlatform.TestHostRuntimeProvider.dll
C:\Program Files\dotnet\sdk\5.0.100\Extensions\Microsoft.VisualStudio.TestPlatform.Extensions.Html.TestLogger.dll
C:\Program Files\dotnet\sdk\5.0.100\Extensions\Microsoft.VisualStudio.TestPlatform.Extensions.Trx.TestLogger.dll
TpTrace Information: 0 : 12116, 1, 2020/12/29, 09:43:10.884, 1586126326329, vstest.console.dll, AssemblyResolver.AddSearchDirectories: Adding more searchDirectories C:\Program Files\dotnet\sdk\5.0.100\Extensions,C:\Program Files\dotnet\sdk\5.0.100
TpTrace Information: 0 : 12116, 1, 2020/12/29, 09:43:10.884, 1586126326911, vstest.console.dll, AssemblyResolver.AddSearchDirectories: Adding more searchDirectories C:\Program Files\dotnet\sdk\5.0.100\Extensions,C:\Program Files\dotnet\sdk\5.0.100
TpTrace Information: 0 : 12116, 1, 2020/12/29, 09:43:10.884, 1586126327246, vstest.console.dll, AssemblyResolver.AddSearchDirectories: Adding more searchDirectories C:\Program Files\dotnet\sdk\5.0.100\Extensions,C:\Program Files\dotnet\sdk\5.0.100
TpTrace Information: 0 : 12116, 1, 2020/12/29, 09:43:10.884, 1586126327553, vstest.console.dll, AssemblyResolver.AddSearchDirectories: Adding more searchDirectories C:\Program Files\dotnet\sdk\5.0.100\Extensions,C:\Program Files\dotnet\sdk\5.0.100
TpTrace Information: 0 : 12116, 1, 2020/12/29, 09:43:10.884, 1586126327876, vstest.console.dll, AssemblyResolver.AddSearchDirectories: Adding more searchDirectories C:\Program Files\dotnet\sdk\5.0.100\Extensions,C:\Program Files\dotnet\sdk\5.0.100
TpTrace Information: 0 : 12116, 1, 2020/12/29, 09:43:10.884, 1586126328136, vstest.console.dll, AssemblyResolver.AddSearchDirectories: Adding more searchDirectories C:\Program Files\dotnet\sdk\5.0.100\Extensions,C:\Program Files\dotnet\sdk\5.0.100
TpTrace Information: 0 : 12116, 1, 2020/12/29, 09:43:10.884, 1586126330997, vstest.console.dll, AssemblyResolver.OnResolve: Microsoft.Diagnostics.NETCore.Client: Resolving assembly.
TpTrace Information: 0 : 12116, 1, 2020/12/29, 09:43:10.885, 1586126338397, vstest.console.dll, AssemblyResolver.OnResolve: Resolved assembly: Microsoft.Diagnostics.NETCore.Client, from path: C:\Program Files\dotnet\sdk\5.0.100\Extensions\Microsoft.Diagnostics.NETCore.Client.dll
TpTrace Information: 0 : 12116, 1, 2020/12/29, 09:43:10.887, 1586126354905, vstest.console.dll, AssemblyResolver.OnResolve: Microsoft.Bcl.AsyncInterfaces: Resolving assembly.
TpTrace Information: 0 : 12116, 1, 2020/12/29, 09:43:10.887, 1586126356860, vstest.console.dll, AssemblyResolver.OnResolve: Microsoft.Bcl.AsyncInterfaces: Failed to load assembly.
TpTrace Verbose: 0 : 12116, 1, 2020/12/29, 09:43:10.887, 1586126357312, vstest.console.dll, CurrentDomain_AssemblyResolve: Resolving assembly 'Microsoft.Bcl.AsyncInterfaces'.
TpTrace Information: 0 : 12116, 1, 2020/12/29, 09:43:10.887, 1586126357949, vstest.console.dll, AssemblyResolver.OnResolve: Microsoft.Bcl.AsyncInterfaces: Resolving assembly.
TpTrace Information: 0 : 12116, 1, 2020/12/29, 09:43:10.887, 1586126358303, vstest.console.dll, AssemblyResolver.OnResolve: Microsoft.Bcl.AsyncInterfaces: Resolved from cache.
TpTrace Verbose: 0 : 12116, 1, 2020/12/29, 09:43:10.887, 1586126358688, vstest.console.dll, CurrentDomain_AssemblyResolve: Resolving assembly 'Microsoft.Bcl.AsyncInterfaces'.
TpTrace Verbose: 0 : 12116, 1, 2020/12/29, 09:43:10.887, 1586126359028, vstest.console.dll, CurrentDomainAssemblyResolve: Failed to resolve assembly 'Microsoft.Bcl.AsyncInterfaces'.
TpTrace Verbose: 0 : 12116, 1, 2020/12/29, 09:43:10.888, 1586126364333, vstest.console.dll, CurrentDomainAssemblyResolve: Failed to resolve assembly 'Microsoft.Bcl.AsyncInterfaces'.
TpTrace Warning: 0 : 12116, 1, 2020/12/29, 09:43:10.900, 1586126482035, vstest.console.dll, TestPluginDiscoverer: Failed to get types from assembly 'Microsoft.Diagnostics.NETCore.Client, Version=0.2.2.41902, Culture=neutral, PublicKeyToken=31bf3856ad364e35'.  Skipping test extension scan for this assembly.  Error: System.Reflection.ReflectionTypeLoadException: Unable to load one or more of the requested types.
Could not load file or assembly 'Microsoft.Bcl.AsyncInterfaces, Version=1.0.0.0, Culture=neutral, PublicKeyToken=cc7b13ffcd2ddd51'. The system cannot find the file specified.
   at System.Reflection.RuntimeModule.GetTypes(RuntimeModule module)
   at System.Reflection.RuntimeModule.GetTypes()
   at System.Reflection.Assembly.GetTypes()
   at Microsoft.VisualStudio.TestPlatform.Common.ExtensionFramework.TestPluginDiscoverer.GetTestExtensionsFromAssembly[TPluginInfo,TExtension](Assembly assembly, Dictionary`2 pluginInfos)
System.IO.FileNotFoundException: Could not load file or assembly 'Microsoft.Bcl.AsyncInterfaces, Version=1.0.0.0, Culture=neutral, PublicKeyToken=cc7b13ffcd2ddd51'. The system cannot find the file specified.
File name: 'Microsoft.Bcl.AsyncInterfaces, Version=1.0.0.0, Culture=neutral, PublicKeyToken=cc7b13ffcd2ddd51'
TpTrace Warning: 0 : 12116, 1, 2020/12/29, 09:43:10.900, 1586126483509, vstest.console.dll, LoaderExceptions: System.IO.FileNotFoundException: Could not load file or assembly 'Microsoft.Bcl.AsyncInterfaces, Version=1.0.0.0, Culture=neutral, PublicKeyToken=cc7b13ffcd2ddd51'. The system cannot find the file specified.
File name: 'Microsoft.Bcl.AsyncInterfaces, Version=1.0.0.0, Culture=neutral, PublicKeyToken=cc7b13ffcd2ddd51'
TpTrace Information: 0 : 12116, 1, 2020/12/29, 09:43:10.900, 1586126484459, vstest.console.dll, AssemblyResolver.OnResolve: Microsoft.TestPlatform.Extensions.BlameDataCollector: Resolving assembly.
TpTrace Information: 0 : 12116, 1, 2020/12/29, 09:43:10.900, 1586126489717, vstest.console.dll, AssemblyResolver.OnResolve: Resolved assembly: Microsoft.TestPlatform.Extensions.BlameDataCollector, from path: C:\Program Files\dotnet\sdk\5.0.100\Extensions\Microsoft.TestPlatform.Extensions.BlameDataCollector.dll
TpTrace Information: 0 : 12116, 1, 2020/12/29, 09:43:10.901, 1586126495604, vstest.console.dll, AssemblyResolver.OnResolve: Microsoft.TestPlatform.Extensions.EventLogCollector: Resolving assembly.
TpTrace Information: 0 : 12116, 1, 2020/12/29, 09:43:10.901, 1586126499932, vstest.console.dll, AssemblyResolver.OnResolve: Resolved assembly: Microsoft.TestPlatform.Extensions.EventLogCollector, from path: C:\Program Files\dotnet\sdk\5.0.100\Extensions\Microsoft.TestPlatform.Extensions.EventLogCollector.dll
TpTrace Information: 0 : 12116, 1, 2020/12/29, 09:43:10.902, 1586126509666, vstest.console.dll, AssemblyResolver.OnResolve: Microsoft.TestPlatform.TestHostRuntimeProvider: Resolving assembly.
TpTrace Information: 0 : 12116, 1, 2020/12/29, 09:43:10.903, 1586126513913, vstest.console.dll, AssemblyResolver.OnResolve: Resolved assembly: Microsoft.TestPlatform.TestHostRuntimeProvider, from path: C:\Program Files\dotnet\sdk\5.0.100\Extensions\Microsoft.TestPlatform.TestHostRuntimeProvider.dll
TpTrace Information: 0 : 12116, 1, 2020/12/29, 09:43:10.904, 1586126524494, vstest.console.dll, AssemblyResolver.OnResolve: Microsoft.VisualStudio.TestPlatform.Extensions.Html.TestLogger: Resolving assembly.
TpTrace Information: 0 : 12116, 1, 2020/12/29, 09:43:10.904, 1586126529695, vstest.console.dll, AssemblyResolver.OnResolve: Resolved assembly: Microsoft.VisualStudio.TestPlatform.Extensions.Html.TestLogger, from path: C:\Program Files\dotnet\sdk\5.0.100\Extensions\Microsoft.VisualStudio.TestPlatform.Extensions.Html.TestLogger.dll
TpTrace Information: 0 : 12116, 1, 2020/12/29, 09:43:10.905, 1586126532045, vstest.console.dll, AssemblyResolver.OnResolve: Microsoft.VisualStudio.TestPlatform.Extensions.Trx.TestLogger: Resolving assembly.
TpTrace Information: 0 : 12116, 1, 2020/12/29, 09:43:10.905, 1586126538582, vstest.console.dll, AssemblyResolver.OnResolve: Resolved assembly: Microsoft.VisualStudio.TestPlatform.Extensions.Trx.TestLogger, from path: C:\Program Files\dotnet\sdk\5.0.100\Extensions\Microsoft.VisualStudio.TestPlatform.Extensions.Trx.TestLogger.dll
TpTrace Verbose: 0 : 12116, 1, 2020/12/29, 09:43:10.906, 1586126550350, vstest.console.dll, TestPluginCache: Discovered the extensions using extension path ''.
TpTrace Verbose: 0 : 12116, 1, 2020/12/29, 09:43:10.907, 1586126551083, vstest.console.dll, TestPluginCache: Discoverers are ''.
TpTrace Verbose: 0 : 12116, 1, 2020/12/29, 09:43:10.907, 1586126551347, vstest.console.dll, TestPluginCache: Executors are ''.
TpTrace Verbose: 0 : 12116, 1, 2020/12/29, 09:43:10.907, 1586126552151, vstest.console.dll, TestPluginCache: Executors2 are ''.
TpTrace Verbose: 0 : 12116, 1, 2020/12/29, 09:43:10.907, 1586126552447, vstest.console.dll, TestPluginCache: Setting providers are ''.
TpTrace Verbose: 0 : 12116, 1, 2020/12/29, 09:43:10.907, 1586126552674, vstest.console.dll, TestPluginCache: Loggers are ''.
TpTrace Information: 0 : 12116, 1, 2020/12/29, 09:43:10.911, 1586126599485, vstest.console.dll, RunTestsArgumentProcessor:Execute: Test run is starting.
TpTrace Verbose: 0 : 12116, 1, 2020/12/29, 09:43:10.911, 1586126600302, vstest.console.dll, RunTestsArgumentProcessor:Execute: Queuing Test run.
TpTrace Information: 0 : 12116, 1, 2020/12/29, 09:43:10.912, 1586126601793, vstest.console.dll, TestRequestManager.RunTests: run tests started.
TpTrace Information: 0 : 12116, 1, 2020/12/29, 09:43:10.914, 1586126626574, vstest.console.dll, AssemblyMetadataProvider.GetFrameWork: Determined framework:'.NETCoreApp,Version=v3.1' for source: 'C:\Users\User\Desktop\VVS\zadaca 3\Domari\UnitTestProject1\bin\Debug\netcoreapp3.1\UnitTestProject1.dll'
TpTrace Information: 0 : 12116, 1, 2020/12/29, 09:43:10.914, 1586126628128, vstest.console.dll, Determined framework for all sources: .NETCoreApp,Version=v3.1
TpTrace Information: 0 : 12116, 1, 2020/12/29, 09:43:10.915, 1586126631285, vstest.console.dll, AssemblyMetadataProvider.GetArchitecture: Determined architecture:AnyCPU info for assembly: C:\Users\User\Desktop\VVS\zadaca 3\Domari\UnitTestProject1\bin\Debug\netcoreapp3.1\UnitTestProject1.dll
TpTrace Information: 0 : 12116, 1, 2020/12/29, 09:43:10.916, 1586126646016, vstest.console.dll, Determined platform for all sources: X64
TpTrace Information: 0 : 12116, 1, 2020/12/29, 09:43:10.918, 1586126667979, vstest.console.dll, Compatible sources list : 
TpTrace Information: 0 : 12116, 1, 2020/12/29, 09:43:10.918, 1586126668758, vstest.console.dll, C:\Users\User\Desktop\VVS\zadaca 3\Domari\UnitTestProject1\bin\Debug\netcoreapp3.1\UnitTestProject1.dll
TpTrace Information: 0 : 12116, 1, 2020/12/29, 09:43:10.920, 1586126684950, vstest.console.dll, InferRunSettingsHelper.IsTestSettingsEnabled: Unable to navigate to RunSettings/MSTest. Current node: RunSettings
TpTrace Information: 0 : 12116, 1, 2020/12/29, 09:43:10.921, 1586126694733, vstest.console.dll, AssemblyResolver.OnResolve: Microsoft.VisualStudio.TestPlatform.Fakes: Resolving assembly.
TpTrace Information: 0 : 12116, 1, 2020/12/29, 09:43:10.921, 1586126697225, vstest.console.dll, AssemblyResolver.OnResolve: Microsoft.VisualStudio.TestPlatform.Fakes: Failed to load assembly.
TpTrace Information: 0 : 12116, 1, 2020/12/29, 09:43:10.921, 1586126700427, vstest.console.dll, Failed to create newly implemented Fakes Configurator. Reason:System.IO.FileNotFoundException: Could not load file or assembly 'Microsoft.VisualStudio.TestPlatform.Fakes, Version=16.0.0.0, Culture=neutral, PublicKeyToken=null'. The system cannot find the file specified.
File name: 'Microsoft.VisualStudio.TestPlatform.Fakes, Version=16.0.0.0, Culture=neutral, PublicKeyToken=null'
   at System.Reflection.RuntimeAssembly.InternalLoad(ObjectHandleOnStack assemblyName, ObjectHandleOnStack requestingAssembly, StackCrawlMarkHandle stackMark, Boolean throwOnFileNotFound, ObjectHandleOnStack assemblyLoadContext, ObjectHandleOnStack retAssembly)
   at System.Reflection.RuntimeAssembly.InternalLoad(AssemblyName assemblyName, RuntimeAssembly requestingAssembly, StackCrawlMark& stackMark, Boolean throwOnFileNotFound, AssemblyLoadContext assemblyLoadContext)
   at System.Reflection.Assembly.Load(String assemblyString)
   at Microsoft.VisualStudio.TestPlatform.Common.Utilities.FakesUtilities.TryGetFakesCrossPlatformDataCollectorConfigurator() 
TpTrace Verbose: 0 : 12116, 1, 2020/12/29, 09:43:10.924, 1586126729271, vstest.console.dll, TestPluginCache.DiscoverTestExtensions: finding test extensions in assemblies ends with: TestLogger.dll TPluginInfo: Microsoft.VisualStudio.TestPlatform.Common.ExtensionFramework.Utilities.TestLoggerPluginInformation TExtension: Microsoft.VisualStudio.TestPlatform.ObjectModel.Client.ITestLogger
TpTrace Verbose: 0 : 12116, 1, 2020/12/29, 09:43:10.924, 1586126730145, vstest.console.dll, TestPluginCache.GetExtensionPaths: Filtered extension paths: 
TpTrace Verbose: 0 : 12116, 1, 2020/12/29, 09:43:10.924, 1586126730491, vstest.console.dll, TestPluginCache.GetExtensionPaths: Added default extension paths: C:\Program Files\dotnet\sdk\5.0.100\Extensions\Microsoft.Diagnostics.NETCore.Client.dll
C:\Program Files\dotnet\sdk\5.0.100\Extensions\Microsoft.TestPlatform.Extensions.BlameDataCollector.dll
C:\Program Files\dotnet\sdk\5.0.100\Extensions\Microsoft.TestPlatform.Extensions.EventLogCollector.dll
C:\Program Files\dotnet\sdk\5.0.100\Extensions\Microsoft.TestPlatform.TestHostRuntimeProvider.dll
C:\Program Files\dotnet\sdk\5.0.100\Extensions\Microsoft.VisualStudio.TestPlatform.Extensions.Html.TestLogger.dll
C:\Program Files\dotnet\sdk\5.0.100\Extensions\Microsoft.VisualStudio.TestPlatform.Extensions.Trx.TestLogger.dll
TpTrace Verbose: 0 : 12116, 1, 2020/12/29, 09:43:10.924, 1586126730817, vstest.console.dll, TestPluginCache.GetExtensionPaths: Added unfilterableExtensionPaths: 
TpTrace Information: 0 : 12116, 1, 2020/12/29, 09:43:10.925, 1586126732180, vstest.console.dll, AssemblyResolver.AddSearchDirectories: Adding more searchDirectories C:\Program Files\dotnet\sdk\5.0.100\Extensions,C:\Program Files\dotnet\sdk\5.0.100
TpTrace Verbose: 0 : 12116, 1, 2020/12/29, 09:43:10.925, 1586126732605, vstest.console.dll, TestPluginCache.DiscoverTestExtensions: Discovering the extensions using extension path.
TpTrace Verbose: 0 : 12116, 1, 2020/12/29, 09:43:10.925, 1586126732870, vstest.console.dll, TestPluginCache.GetExtensionPaths: Filtered extension paths: 
TpTrace Verbose: 0 : 12116, 1, 2020/12/29, 09:43:10.925, 1586126733121, vstest.console.dll, TestPluginCache.GetExtensionPaths: Added default extension paths: C:\Program Files\dotnet\sdk\5.0.100\Extensions\Microsoft.Diagnostics.NETCore.Client.dll
C:\Program Files\dotnet\sdk\5.0.100\Extensions\Microsoft.TestPlatform.Extensions.BlameDataCollector.dll
C:\Program Files\dotnet\sdk\5.0.100\Extensions\Microsoft.TestPlatform.Extensions.EventLogCollector.dll
C:\Program Files\dotnet\sdk\5.0.100\Extensions\Microsoft.TestPlatform.TestHostRuntimeProvider.dll
C:\Program Files\dotnet\sdk\5.0.100\Extensions\Microsoft.VisualStudio.TestPlatform.Extensions.Html.TestLogger.dll
C:\Program Files\dotnet\sdk\5.0.100\Extensions\Microsoft.VisualStudio.TestPlatform.Extensions.Trx.TestLogger.dll
TpTrace Verbose: 0 : 12116, 1, 2020/12/29, 09:43:10.925, 1586126733458, vstest.console.dll, TestPluginCache.GetExtensionPaths: Added unfilterableExtensionPaths: 
TpTrace Verbose: 0 : 12116, 1, 2020/12/29, 09:43:10.925, 1586126733722, vstest.console.dll, TestPluginCache.DiscoverTestExtensions: Discovering the extensions using allExtensionPaths: C:\Program Files\dotnet\sdk\5.0.100\Extensions\Microsoft.Diagnostics.NETCore.Client.dll
C:\Program Files\dotnet\sdk\5.0.100\Extensions\Microsoft.TestPlatform.Extensions.BlameDataCollector.dll
C:\Program Files\dotnet\sdk\5.0.100\Extensions\Microsoft.TestPlatform.Extensions.EventLogCollector.dll
C:\Program Files\dotnet\sdk\5.0.100\Extensions\Microsoft.TestPlatform.TestHostRuntimeProvider.dll
C:\Program Files\dotnet\sdk\5.0.100\Extensions\Microsoft.VisualStudio.TestPlatform.Extensions.Html.TestLogger.dll
C:\Program Files\dotnet\sdk\5.0.100\Extensions\Microsoft.VisualStudio.TestPlatform.Extensions.Trx.TestLogger.dll
TpTrace Information: 0 : 12116, 1, 2020/12/29, 09:43:10.925, 1586126734141, vstest.console.dll, AssemblyResolver.AddSearchDirectories: Adding more searchDirectories C:\Program Files\dotnet\sdk\5.0.100\Extensions,C:\Program Files\dotnet\sdk\5.0.100
TpTrace Information: 0 : 12116, 1, 2020/12/29, 09:43:10.925, 1586126734429, vstest.console.dll, AssemblyResolver.AddSearchDirectories: Adding more searchDirectories C:\Program Files\dotnet\sdk\5.0.100\Extensions,C:\Program Files\dotnet\sdk\5.0.100
TpTrace Information: 0 : 12116, 1, 2020/12/29, 09:43:10.925, 1586126734687, vstest.console.dll, AssemblyResolver.AddSearchDirectories: Adding more searchDirectories C:\Program Files\dotnet\sdk\5.0.100\Extensions,C:\Program Files\dotnet\sdk\5.0.100
TpTrace Information: 0 : 12116, 1, 2020/12/29, 09:43:10.925, 1586126735038, vstest.console.dll, AssemblyResolver.AddSearchDirectories: Adding more searchDirectories C:\Program Files\dotnet\sdk\5.0.100\Extensions,C:\Program Files\dotnet\sdk\5.0.100
TpTrace Information: 0 : 12116, 1, 2020/12/29, 09:43:10.925, 1586126735321, vstest.console.dll, AssemblyResolver.AddSearchDirectories: Adding more searchDirectories C:\Program Files\dotnet\sdk\5.0.100\Extensions,C:\Program Files\dotnet\sdk\5.0.100
TpTrace Information: 0 : 12116, 1, 2020/12/29, 09:43:10.925, 1586126735583, vstest.console.dll, AssemblyResolver.AddSearchDirectories: Adding more searchDirectories C:\Program Files\dotnet\sdk\5.0.100\Extensions,C:\Program Files\dotnet\sdk\5.0.100
TpTrace Information: 0 : 12116, 1, 2020/12/29, 09:43:10.925, 1586126737015, vstest.console.dll, AssemblyResolver.OnResolve: Microsoft.Bcl.AsyncInterfaces: Resolving assembly.
TpTrace Information: 0 : 12116, 1, 2020/12/29, 09:43:10.925, 1586126737346, vstest.console.dll, AssemblyResolver.OnResolve: Microsoft.Bcl.AsyncInterfaces: Resolved from cache.
TpTrace Verbose: 0 : 12116, 1, 2020/12/29, 09:43:10.925, 1586126737664, vstest.console.dll, CurrentDomain_AssemblyResolve: Resolving assembly 'Microsoft.Bcl.AsyncInterfaces'.
TpTrace Information: 0 : 12116, 1, 2020/12/29, 09:43:10.925, 1586126738178, vstest.console.dll, AssemblyResolver.OnResolve: Microsoft.Bcl.AsyncInterfaces: Resolving assembly.
TpTrace Information: 0 : 12116, 1, 2020/12/29, 09:43:10.925, 1586126738448, vstest.console.dll, AssemblyResolver.OnResolve: Microsoft.Bcl.AsyncInterfaces: Resolved from cache.
TpTrace Verbose: 0 : 12116, 1, 2020/12/29, 09:43:10.925, 1586126738770, vstest.console.dll, CurrentDomain_AssemblyResolve: Resolving assembly 'Microsoft.Bcl.AsyncInterfaces'.
TpTrace Verbose: 0 : 12116, 1, 2020/12/29, 09:43:10.925, 1586126739018, vstest.console.dll, CurrentDomainAssemblyResolve: Failed to resolve assembly 'Microsoft.Bcl.AsyncInterfaces'.
TpTrace Verbose: 0 : 12116, 1, 2020/12/29, 09:43:10.925, 1586126740285, vstest.console.dll, CurrentDomainAssemblyResolve: Failed to resolve assembly 'Microsoft.Bcl.AsyncInterfaces'.
TpTrace Warning: 0 : 12116, 1, 2020/12/29, 09:43:10.926, 1586126742536, vstest.console.dll, TestPluginDiscoverer: Failed to get types from assembly 'Microsoft.Diagnostics.NETCore.Client, Version=0.2.2.41902, Culture=neutral, PublicKeyToken=31bf3856ad364e35'.  Skipping test extension scan for this assembly.  Error: System.Reflection.ReflectionTypeLoadException: Unable to load one or more of the requested types.
Could not load file or assembly 'Microsoft.Bcl.AsyncInterfaces, Version=1.0.0.0, Culture=neutral, PublicKeyToken=cc7b13ffcd2ddd51'. The system cannot find the file specified.
   at System.Reflection.RuntimeModule.GetTypes(RuntimeModule module)
   at System.Reflection.RuntimeModule.GetTypes()
   at System.Reflection.Assembly.GetTypes()
   at Microsoft.VisualStudio.TestPlatform.Common.ExtensionFramework.TestPluginDiscoverer.GetTestExtensionsFromAssembly[TPluginInfo,TExtension](Assembly assembly, Dictionary`2 pluginInfos)
System.IO.FileNotFoundException: Could not load file or assembly 'Microsoft.Bcl.AsyncInterfaces, Version=1.0.0.0, Culture=neutral, PublicKeyToken=cc7b13ffcd2ddd51'. The system cannot find the file specified.
File name: 'Microsoft.Bcl.AsyncInterfaces, Version=1.0.0.0, Culture=neutral, PublicKeyToken=cc7b13ffcd2ddd51'
TpTrace Warning: 0 : 12116, 1, 2020/12/29, 09:43:10.926, 1586126742982, vstest.console.dll, LoaderExceptions: System.IO.FileNotFoundException: Could not load file or assembly 'Microsoft.Bcl.AsyncInterfaces, Version=1.0.0.0, Culture=neutral, PublicKeyToken=cc7b13ffcd2ddd51'. The system cannot find the file specified.
File name: 'Microsoft.Bcl.AsyncInterfaces, Version=1.0.0.0, Culture=neutral, PublicKeyToken=cc7b13ffcd2ddd51'
TpTrace Verbose: 0 : 12116, 1, 2020/12/29, 09:43:10.926, 1586126745591, vstest.console.dll, TestPluginCache: Discovered the extensions using extension path ''.
TpTrace Verbose: 0 : 12116, 1, 2020/12/29, 09:43:10.926, 1586126745962, vstest.console.dll, TestPluginCache: Discoverers are ''.
TpTrace Verbose: 0 : 12116, 1, 2020/12/29, 09:43:10.926, 1586126746218, vstest.console.dll, TestPluginCache: Executors are ''.
TpTrace Verbose: 0 : 12116, 1, 2020/12/29, 09:43:10.926, 1586126746442, vstest.console.dll, TestPluginCache: Executors2 are ''.
TpTrace Verbose: 0 : 12116, 1, 2020/12/29, 09:43:10.926, 1586126746658, vstest.console.dll, TestPluginCache: Setting providers are ''.
TpTrace Verbose: 0 : 12116, 1, 2020/12/29, 09:43:10.926, 1586126747245, vstest.console.dll, TestPluginCache: Loggers are 'logger://Microsoft/TestPlatform/Extensions/Blame/v1,logger://Microsoft/TestPlatform/HtmlLogger/v1,logger://Microsoft/TestPlatform/TrxLogger/v1'.
TpTrace Information: 0 : 12116, 1, 2020/12/29, 09:43:10.927, 1586126752141, vstest.console.dll, TestPluginManager.CreateTestExtension: Attempting to load test extension: Microsoft.TestPlatform.Extensions.BlameDataCollector.BlameLogger
TpTrace Information: 0 : 12116, 1, 2020/12/29, 09:43:10.934, 1586126824498, vstest.console.dll, TestPluginManager.CreateTestExtension: Attempting to load test extension: Microsoft.VisualStudio.TestPlatform.CrossPlatEngine.Hosting.DefaultTestHostManager
TpTrace Information: 0 : 12116, 1, 2020/12/29, 09:43:10.935, 1586126833973, vstest.console.dll, TestPluginManager.CreateTestExtension: Attempting to load test extension: Microsoft.VisualStudio.TestPlatform.CrossPlatEngine.Hosting.DotnetTestHostManager
TpTrace Verbose: 0 : 12116, 1, 2020/12/29, 09:43:10.936, 1586126843769, vstest.console.dll, TestEngine: Initializing Parallel Execution as MaxCpuCount is set to: 1
TpTrace Information: 0 : 12116, 1, 2020/12/29, 09:43:10.936, 1586126848313, vstest.console.dll, InferRunSettingsHelper.IsTestSettingsEnabled: Unable to navigate to RunSettings/MSTest. Current node: RunSettings
TpTrace Verbose: 0 : 12116, 1, 2020/12/29, 09:43:10.945, 1586126940820, vstest.console.dll, TestRequestSender is acting as server
TpTrace Verbose: 0 : 12116, 4, 2020/12/29, 09:43:10.948, 1586126966169, vstest.console.dll, DataCollectionRequestSender.InitializeCommunication : Initialize communication. 
TpTrace Information: 0 : 12116, 4, 2020/12/29, 09:43:10.958, 1586127066083, vstest.console.dll, Listening on Endpoint : 127.0.0.1:60242
TpTrace Verbose: 0 : 12116, 4, 2020/12/29, 09:43:10.966, 1586127150501, vstest.console.dll, DotnetDataCollectionLauncher: Full path of dotnet.exe is C:\Program Files\dotnet\dotnet.exe
TpTrace Verbose: 0 : 12116, 4, 2020/12/29, 09:43:10.967, 1586127152143, vstest.console.dll, DotnetDataCollectionLauncher: Adding  --runtimeconfig "C:\Program Files\dotnet\sdk\5.0.100\datacollector.runtimeconfig.json" in args
TpTrace Verbose: 0 : 12116, 4, 2020/12/29, 09:43:10.967, 1586127152942, vstest.console.dll, DotnetDataCollectionLauncher: Adding  --depsfile "C:\Program Files\dotnet\sdk\5.0.100\datacollector.deps.json" in args
TpTrace Information: 0 : 12116, 4, 2020/12/29, 09:43:10.973, 1586127220627, vstest.console.dll, ProxyDataCollectionManager.Initialize: Launched datacollector processId: 14600 port: 60242
TpTrace Information: 0 : 12116, 4, 2020/12/29, 09:43:10.974, 1586127221864, vstest.console.dll, ProxyDataCollectionManager.Initialize: waiting for connection with timeout: 90 seconds
TpTrace Verbose: 0 : 12116, 4, 2020/12/29, 09:43:10.974, 1586127222296, vstest.console.dll, DataCollectionRequestSender.WaitForRequestHandlerConnection : Waiting for connection with timeout: 90000
TpTrace Information: 0 : 12116, 7, 2020/12/29, 09:43:11.122, 1586128702304, vstest.console.dll, Using the buffer size of 16384 bytes
TpTrace Verbose: 0 : 12116, 4, 2020/12/29, 09:43:11.122, 1586128702771, vstest.console.dll, ProxyDataCollectionManager.InvokeDataCollectionServiceAction: Starting.
TpTrace Information: 0 : 12116, 7, 2020/12/29, 09:43:11.122, 1586128703300, vstest.console.dll, Accepted Client request and set the flag
TpTrace Information: 0 : 12116, 4, 2020/12/29, 09:43:11.122, 1586128704160, vstest.console.dll, ProxyDataCollectionManager.BeforeTestRunStart: Get environment variable and port for datacollector processId: 14600 port: 60242
TpTrace Verbose: 0 : 12116, 4, 2020/12/29, 09:43:11.122, 1586128705422, vstest.console.dll, DataCollectionRequestSender.SendBeforeTestRunStartAndGetResult : Send BeforeTestRunStart message with settingsXml <RunSettings><RunConfiguration><ResultsDirectory>C:\Users\User\Desktop\VVS\zadaca 3\Domari\UnitTestProject1\bin\Debug\netcoreapp3.1\fine-code-coverage</ResultsDirectory><TargetPlatform>X64</TargetPlatform><TargetFrameworkVersion>.NETCoreApp,Version=v3.1</TargetFrameworkVersion><DesignMode>False</DesignMode><CollectSourceInformation>False</CollectSourceInformation><TestAdaptersPaths>C:\Program Files\dotnet\sdk\5.0.100\Extensions</TestAdaptersPaths></RunConfiguration><LoggerRunSettings><Loggers><Logger friendlyName="blame" enabled="True" /><Logger friendlyName="Console" uri="logger://microsoft/TestPlatform/ConsoleLogger/v1" assemblyQualifiedName="Microsoft.VisualStudio.TestPlatform.CommandLine.Internal.ConsoleLogger, vstest.console, Version=15.0.0.0, Culture=neutral, PublicKeyToken=b03f5f7f11d50a3a" codeBase="C:\Program Files\dotnet\sdk\5.0.100\vstest.console.dll" enabled="True" /></Loggers></LoggerRunSettings><DataCollectionRunSettings><DataCollectors><DataCollector friendlyName="blame" enabled="True"><Configuration><ResultsDirectory>C:\Users\User\Desktop\VVS\zadaca 3\Domari\UnitTestProject1\bin\Debug\netcoreapp3.1\fine-code-coverage</ResultsDirectory></Configuration></DataCollector></DataCollectors></DataCollectionRunSettings></RunSettings> and sources System.Linq.Enumerable+Concat2Iterator`1[System.String]: 
TpTrace Verbose: 0 : 12116, 4, 2020/12/29, 09:43:11.182, 1586129304988, vstest.console.dll, DataCollectionRequestSender.SendBeforeTestRunStartAndGetResult : Received message: (DataCollection.SendMessage) -> {
  "FriendlyName": null,
  "Uri": null,
  "TestCaseId": "00000000-0000-0000-0000-000000000000",
  "Message": "Logging DataCollector Diagnostics in file: C:\\Users\\User\\Desktop\\VVS\\zadaca 3\\Domari\\UnitTestProject1\\bin\\Debug\\netcoreapp3.1\\fine-code-coverage\\diagnostics.datacollector.20-12-29_09-43-10_96347_4.log",
  "Level": 0
}
TpTrace Verbose: 0 : 12116, 4, 2020/12/29, 09:43:11.249, 1586129973474, vstest.console.dll, DataCollectionRequestSender.SendBeforeTestRunStartAndGetResult : Received message: (DataCollection.BeforeTestRunStartResult) -> {
  "EnvironmentVariables": {},
  "DataCollectionEventsPort": 60244
}
TpTrace Information: 0 : 12116, 4, 2020/12/29, 09:43:11.252, 1586130005774, vstest.console.dll, ProxyDataCollectionManager.BeforeTestRunStart: SendBeforeTestRunStartAndGetResult successful, env variable from datacollector:   and testhost port: 60244
TpTrace Information: 0 : 12116, 4, 2020/12/29, 09:43:11.252, 1586130006716, vstest.console.dll, ProxyDataCollectionManager.InvokeDataCollectionServiceAction: Completed.
TpTrace Verbose: 0 : 12116, 1, 2020/12/29, 09:43:11.252, 1586130008060, vstest.console.dll, TestRunRequest.ExecuteAsync: Creating test run request.
TpTrace Verbose: 0 : 12116, 1, 2020/12/29, 09:43:11.252, 1586130010439, vstest.console.dll, TestRunRequest.ExecuteAsync: Starting.
TpTrace Information: 0 : 12116, 1, 2020/12/29, 09:43:11.253, 1586130012725, vstest.console.dll, TestRunRequest.ExecuteAsync: Starting run with settings:TestRunCriteria:
   KeepAlive=False,FrequencyOfRunStatsChangeEvent=10,RunStatsChangeEventTimeout=00:00:01.5000000,TestCaseFilter=,TestExecutorLauncher=
   Settingsxml=<RunSettings>
  <RunConfiguration>
    <ResultsDirectory>C:\Users\User\Desktop\VVS\zadaca 3\Domari\UnitTestProject1\bin\Debug\netcoreapp3.1\fine-code-coverage</ResultsDirectory>
    <TargetPlatform>X64</TargetPlatform>
    <TargetFrameworkVersion>.NETCoreApp,Version=v3.1</TargetFrameworkVersion>
    <DesignMode>False</DesignMode>
    <CollectSourceInformation>False</CollectSourceInformation>
  </RunConfiguration>
  <LoggerRunSettings>
    <Loggers>
      <Logger friendlyName="blame" enabled="True" />
      <Logger friendlyName="Console" uri="logger://microsoft/TestPlatform/ConsoleLogger/v1" assemblyQualifiedName="Microsoft.VisualStudio.TestPlatform.CommandLine.Internal.ConsoleLogger, vstest.console, Version=15.0.0.0, Culture=neutral, PublicKeyToken=b03f5f7f11d50a3a" codeBase="C:\Program Files\dotnet\sdk\5.0.100\vstest.console.dll" enabled="True" />
    </Loggers>
  </LoggerRunSettings>
  <DataCollectionRunSettings>
    <DataCollectors>
      <DataCollector friendlyName="blame" enabled="True">
        <Configuration>
          <ResultsDirectory>C:\Users\User\Desktop\VVS\zadaca 3\Domari\UnitTestProject1\bin\Debug\netcoreapp3.1\fine-code-coverage</ResultsDirectory>
        </Configuration>
      </DataCollector>
    </DataCollectors>
  </DataCollectionRunSettings>
</RunSettings>

TpTrace Verbose: 0 : 12116, 1, 2020/12/29, 09:43:11.253, 1586130013623, vstest.console.dll, TestRunRequest.ExecuteAsync: Wait for the first run request is over.
TpTrace Verbose: 0 : 12116, 1, 2020/12/29, 09:43:11.253, 1586130017227, vstest.console.dll, ParallelProxyExecutionManager: Start execution. Total sources: 1
TpTrace Information: 0 : 12116, 1, 2020/12/29, 09:43:11.254, 1586130021871, vstest.console.dll, ProxyParallelExecutionManager: Triggering test run for next source: C:\Users\User\Desktop\VVS\zadaca 3\Domari\UnitTestProject1\bin\Debug\netcoreapp3.1\UnitTestProject1.dll
TpTrace Verbose: 0 : 12116, 4, 2020/12/29, 09:43:11.254, 1586130023370, vstest.console.dll, ParallelProxyExecutionManager: Execution started. Started clients: 1
TpTrace Verbose: 0 : 12116, 1, 2020/12/29, 09:43:11.254, 1586130023650, vstest.console.dll, ProxyParallelExecutionManager: No sources available for execution.
TpTrace Information: 0 : 12116, 1, 2020/12/29, 09:43:11.254, 1586130024204, vstest.console.dll, TestRunRequest.ExecuteAsync: Started.
TpTrace Verbose: 0 : 12116, 1, 2020/12/29, 09:43:11.254, 1586130024784, vstest.console.dll, TestRunRequest.WaitForCompletion: Waiting with timeout -1.
TpTrace Verbose: 0 : 12116, 4, 2020/12/29, 09:43:11.254, 1586130026640, vstest.console.dll, TestRunRequest:SendTestRunMessage: Starting.
TpTrace Information: 0 : 12116, 4, 2020/12/29, 09:43:11.254, 1586130027836, vstest.console.dll, TestRunRequest:SendTestRunMessage: Completed.
TpTrace Verbose: 0 : 12116, 4, 2020/12/29, 09:43:11.254, 1586130029712, vstest.console.dll, ProxyExecutionManager: Test host is always Lazy initialize.
TpTrace Verbose: 0 : 12116, 4, 2020/12/29, 09:43:11.255, 1586130031738, vstest.console.dll, TestRequestSender.InitializeCommunication: initialize communication. 
TpTrace Information: 0 : 12116, 4, 2020/12/29, 09:43:11.255, 1586130035835, vstest.console.dll, SocketServer.Start: Listening on endpoint : 127.0.0.1:60245
TpTrace Verbose: 0 : 12116, 4, 2020/12/29, 09:43:11.256, 1586130043075, vstest.console.dll, DotnetTestHostmanager: Adding  --runtimeconfig "C:\Users\User\Desktop\VVS\zadaca 3\Domari\UnitTestProject1\bin\Debug\netcoreapp3.1\UnitTestProject1.runtimeconfig.json" in args
TpTrace Verbose: 0 : 12116, 4, 2020/12/29, 09:43:11.256, 1586130044257, vstest.console.dll, DotnetTestHostmanager: Adding  --depsfile "C:\Users\User\Desktop\VVS\zadaca 3\Domari\UnitTestProject1\bin\Debug\netcoreapp3.1\UnitTestProject1.deps.json" in args
TpTrace Verbose: 0 : 12116, 4, 2020/12/29, 09:43:11.256, 1586130046035, vstest.console.dll, DotnetTestHostManager: Testhost.exe/testhost.x86.exe found at path: C:\Users\User\Desktop\VVS\zadaca 3\Domari\UnitTestProject1\bin\Debug\netcoreapp3.1\testhost.exe
TpTrace Verbose: 0 : 12116, 4, 2020/12/29, 09:43:11.256, 1586130046473, vstest.console.dll, DotnetTestHostmanager: Full path of host exe is C:\Users\User\Desktop\VVS\zadaca 3\Domari\UnitTestProject1\bin\Debug\netcoreapp3.1\testhost.exe
TpTrace Verbose: 0 : 12116, 10, 2020/12/29, 09:43:11.257, 1586130053849, vstest.console.dll, DotnetTestHostManager: Starting process 'C:\Users\User\Desktop\VVS\zadaca 3\Domari\UnitTestProject1\bin\Debug\netcoreapp3.1\testhost.exe' with command line ' --runtimeconfig "C:\Users\User\Desktop\VVS\zadaca 3\Domari\UnitTestProject1\bin\Debug\netcoreapp3.1\UnitTestProject1.runtimeconfig.json" --depsfile "C:\Users\User\Desktop\VVS\zadaca 3\Domari\UnitTestProject1\bin\Debug\netcoreapp3.1\UnitTestProject1.deps.json" --port 60245 --endpoint 127.0.0.1:060245 --role client --parentprocessid 12116 --diag "C:\Users\User\Desktop\VVS\zadaca 3\Domari\UnitTestProject1\bin\Debug\netcoreapp3.1\fine-code-coverage\diagnostics.host.20-12-29_09-43-11_25575_4.log" --tracelevel 4 --datacollectionport 60244 --telemetryoptedin false'
TpTrace Verbose: 0 : 12116, 10, 2020/12/29, 09:43:11.260, 1586130085928, vstest.console.dll, Test Runtime launched
TpTrace Verbose: 0 : 12116, 4, 2020/12/29, 09:43:11.261, 1586130097504, vstest.console.dll, TestRequestSender.WaitForRequestHandlerConnection: waiting for connection with timeout: 90000
TpTrace Verbose: 0 : 12116, 9, 2020/12/29, 09:43:11.414, 1586131621738, vstest.console.dll, SocketServer.OnClientConnected: Client connected for endPoint: 127.0.0.1:60245, starting MessageLoopAsync:
TpTrace Verbose: 0 : 12116, 9, 2020/12/29, 09:43:11.414, 1586131623957, vstest.console.dll, TcpClientExtensions.MessageLoopAsync: Polling on remoteEndPoint: 127.0.0.1:60247 localEndPoint: 127.0.0.1:60245
TpTrace Verbose: 0 : 12116, 9, 2020/12/29, 09:43:11.565, 1586133133265, vstest.console.dll, TcpClientExtensions.MessageLoopAsync: NotifyDataAvailable remoteEndPoint: 127.0.0.1:60247 localEndPoint: 127.0.0.1:60245
TpTrace Verbose: 0 : 12116, 9, 2020/12/29, 09:43:11.565, 1586133137181, vstest.console.dll, TestRequestSender.CheckVersionWithTestHost: onMessageReceived received message: (ProtocolVersion) -> 3
TpTrace Verbose: 0 : 12116, 9, 2020/12/29, 09:43:11.566, 1586133145038, vstest.console.dll, TcpClientExtensions.MessageLoopAsync: Polling on remoteEndPoint: 127.0.0.1:60247 localEndPoint: 127.0.0.1:60245
TpTrace Verbose: 0 : 12116, 4, 2020/12/29, 09:43:11.566, 1586133145885, vstest.console.dll, TestPluginCache.GetExtensionPaths: Filtered extension paths: 
TpTrace Verbose: 0 : 12116, 4, 2020/12/29, 09:43:11.566, 1586133146837, vstest.console.dll, TestPluginCache.GetExtensionPaths: Added default extension paths: C:\Program Files\dotnet\sdk\5.0.100\Extensions\Microsoft.Diagnostics.NETCore.Client.dll
C:\Program Files\dotnet\sdk\5.0.100\Extensions\Microsoft.TestPlatform.Extensions.BlameDataCollector.dll
C:\Program Files\dotnet\sdk\5.0.100\Extensions\Microsoft.TestPlatform.Extensions.EventLogCollector.dll
C:\Program Files\dotnet\sdk\5.0.100\Extensions\Microsoft.TestPlatform.TestHostRuntimeProvider.dll
C:\Program Files\dotnet\sdk\5.0.100\Extensions\Microsoft.VisualStudio.TestPlatform.Extensions.Html.TestLogger.dll
C:\Program Files\dotnet\sdk\5.0.100\Extensions\Microsoft.VisualStudio.TestPlatform.Extensions.Trx.TestLogger.dll
TpTrace Verbose: 0 : 12116, 4, 2020/12/29, 09:43:11.566, 1586133147204, vstest.console.dll, TestPluginCache.GetExtensionPaths: Added unfilterableExtensionPaths: 
TpTrace Verbose: 0 : 12116, 4, 2020/12/29, 09:43:11.569, 1586133178327, vstest.console.dll, TestRequestSender.InitializeExecution: Sending initializing execution with message: {"Version":3,"MessageType":"TestExecution.Initialize","Payload":["C:\\Users\\User\\Desktop\\VVS\\zadaca 3\\Domari\\UnitTestProject1\\bin\\Debug\\netcoreapp3.1\\Microsoft.VisualStudio.TestPlatform.MSTest.TestAdapter.dll"]}
TpTrace Verbose: 0 : 12116, 4, 2020/12/29, 09:43:11.578, 1586133262695, vstest.console.dll, TestRequestSender.StartTestRun: Sending test run with message: {"Version":3,"MessageType":"TestExecution.StartWithSources","Payload":{"AdapterSourceMap":{"_none_":["C:\\Users\\User\\Desktop\\VVS\\zadaca 3\\Domari\\UnitTestProject1\\bin\\Debug\\netcoreapp3.1\\UnitTestProject1.dll"]},"RunSettings":"<RunSettings>\r\n  <RunConfiguration>\r\n    <ResultsDirectory>C:\\Users\\User\\Desktop\\VVS\\zadaca 3\\Domari\\UnitTestProject1\\bin\\Debug\\netcoreapp3.1\\fine-code-coverage</ResultsDirectory>\r\n    <TargetPlatform>X64</TargetPlatform>\r\n    <TargetFrameworkVersion>.NETCoreApp,Version=v3.1</TargetFrameworkVersion>\r\n    <DesignMode>False</DesignMode>\r\n    <CollectSourceInformation>False</CollectSourceInformation>\r\n  </RunConfiguration>\r\n  <LoggerRunSettings>\r\n    <Loggers>\r\n      <Logger friendlyName=\"blame\" enabled=\"True\" />\r\n      <Logger friendlyName=\"Console\" uri=\"logger://microsoft/TestPlatform/ConsoleLogger/v1\" assemblyQualifiedName=\"Microsoft.VisualStudio.TestPlatform.CommandLine.Internal.ConsoleLogger, vstest.console, Version=15.0.0.0, Culture=neutral, PublicKeyToken=b03f5f7f11d50a3a\" codeBase=\"C:\\Program Files\\dotnet\\sdk\\5.0.100\\vstest.console.dll\" enabled=\"True\" />\r\n    </Loggers>\r\n  </LoggerRunSettings>\r\n  <DataCollectionRunSettings>\r\n    <DataCollectors>\r\n      <DataCollector friendlyName=\"blame\" enabled=\"True\">\r\n        <Configuration>\r\n          <ResultsDirectory>C:\\Users\\User\\Desktop\\VVS\\zadaca 3\\Domari\\UnitTestProject1\\bin\\Debug\\netcoreapp3.1\\fine-code-coverage</ResultsDirectory>\r\n        </Configuration>\r\n      </DataCollector>\r\n    </DataCollectors>\r\n  </DataCollectionRunSettings>\r\n</RunSettings>","TestExecutionContext":{"FrequencyOfRunStatsChangeEvent":10,"RunStatsChangeEventTimeout":"00:00:01.5000000","InIsolation":false,"KeepAlive":false,"AreTestCaseLevelEventsRequired":false,"IsDebug":false,"TestCaseFilter":null,"FilterOptions":null},"Package":null}}
TpTrace Verbose: 0 : 12116, 9, 2020/12/29, 09:43:11.578, 1586133269877, vstest.console.dll, TcpClientExtensions.MessageLoopAsync: NotifyDataAvailable remoteEndPoint: 127.0.0.1:60247 localEndPoint: 127.0.0.1:60245
TpTrace Verbose: 0 : 12116, 9, 2020/12/29, 09:43:11.579, 1586133271080, vstest.console.dll, TestRequestSender.OnExecutionMessageReceived: Received message: {"Version":3,"MessageType":"TestSession.Message","Payload":{"MessageLevel":0,"Message":"Logging TestHost Diagnostics in file: C:\\Users\\User\\Desktop\\VVS\\zadaca 3\\Domari\\UnitTestProject1\\bin\\Debug\\netcoreapp3.1\\fine-code-coverage\\diagnostics.host.20-12-29_09-43-11_25575_4.log"}}
TpTrace Verbose: 0 : 12116, 9, 2020/12/29, 09:43:11.580, 1586133287595, vstest.console.dll, TestRunRequest:SendTestRunMessage: Starting.
TpTrace Information: 0 : 12116, 9, 2020/12/29, 09:43:11.580, 1586133289094, vstest.console.dll, TestRunRequest:SendTestRunMessage: Completed.
TpTrace Verbose: 0 : 12116, 9, 2020/12/29, 09:43:11.580, 1586133289529, vstest.console.dll, TcpClientExtensions.MessageLoopAsync: Polling on remoteEndPoint: 127.0.0.1:60247 localEndPoint: 127.0.0.1:60245
TpTrace Verbose: 0 : 12116, 9, 2020/12/29, 09:43:11.942, 1586136903769, vstest.console.dll, TcpClientExtensions.MessageLoopAsync: NotifyDataAvailable remoteEndPoint: 127.0.0.1:60247 localEndPoint: 127.0.0.1:60245
TpTrace Verbose: 0 : 12116, 9, 2020/12/29, 09:43:11.942, 1586136906596, vstest.console.dll, TestRequestSender.OnExecutionMessageReceived: Received message: {"Version":3,"MessageType":"TestExecution.Completed","Payload":{"TestRunCompleteArgs":{"TestRunStatistics":{"ExecutedTests":4,"Stats":{"Passed":4}},"IsCanceled":false,"IsAborted":false,"Error":null,"AttachmentSets":[],"ElapsedTimeInRunningTests":"00:00:00.1983925","Metrics":{}},"LastRunTests":{"NewTestResults":[{"TestCase":{"Properties":[{"Key":{"Id":"TestCase.FullyQualifiedName","Label":"FullyQualifiedName","Category":"","Description":"","Attributes":1,"ValueType":"System.String"},"Value":"UnitTestProject1.UnitTest1.TestMethod1"},{"Key":{"Id":"TestCase.ExecutorUri","Label":"Executor Uri","Category":"","Description":"","Attributes":1,"ValueType":"System.Uri"},"Value":"executor://MSTestAdapter/v2"},{"Key":{"Id":"TestCase.Source","Label":"Source","Category":"","Description":"","Attributes":0,"ValueType":"System.String"},"Value":"C:\\Users\\User\\Desktop\\VVS\\zadaca 3\\Domari\\UnitTestProject1\\bin\\Debug\\netcoreapp3.1\\UnitTestProject1.dll"},{"Key":{"Id":"TestCase.CodeFilePath","Label":"File Path","Category":"","Description":"","Attributes":0,"ValueType":"System.String"},"Value":null},{"Key":{"Id":"TestCase.DisplayName","Label":"Name","Category":"","Description":"","Attributes":0,"ValueType":"System.String"},"Value":"TestMethod1"},{"Key":{"Id":"TestCase.Id","Label":"Id","Category":"","Description":"","Attributes":1,"ValueType":"System.Guid"},"Value":"6c25b987-b51c-0882-6267-5178be4ec217"},{"Key":{"Id":"TestCase.LineNumber","Label":"Line Number","Category":"","Description":"","Attributes":1,"ValueType":"System.Int32"},"Value":-1},{"Key":{"Id":"MSTestDiscoverer.TestClassName","Label":"ClassName","Category":"","Description":"","Attributes":1,"ValueType":"System.String"},"Value":"UnitTestProject1.UnitTest1"},{"Key":{"Id":"TestObject.Traits","Label":"Traits","Category":"","Description":"","Attributes":5,"ValueType":"System.Collections.Generic.KeyValuePair`2[[System.String],[System.String]][]"},"Value":[]}]},"Attachments":[],"Messages":[],"Properties":[{"Key":{"Id":"TestResult.Outcome","Label":"Outcome","Category":"","Description":"","Attributes":0,"ValueType":"Microsoft.VisualStudio.TestPlatform.ObjectModel.TestOutcome, Microsoft.VisualStudio.TestPlatform.ObjectModel, Version=15.0.0.0, Culture=neutral, PublicKeyToken=b03f5f7f11d50a3a"},"Value":1},{"Key":{"Id":"TestResult.ErrorMessage","Label":"Error Message","Category":"","Description":"","Attributes":0,"ValueType":"System.String"},"Value":null},{"Key":{"Id":"TestResult.ErrorStackTrace","Label":"Error Stack Trace","Category":"","Description":"","Attributes":0,"ValueType":"System.String"},"Value":null},{"Key":{"Id":"TestResult.DisplayName","Label":"TestResult Display Name","Category":"","Description":"","Attributes":1,"ValueType":"System.String"},"Value":null},{"Key":{"Id":"TestResult.ComputerName","Label":"Computer Name","Category":"","Description":"","Attributes":0,"ValueType":"System.String"},"Value":""},{"Key":{"Id":"TestResult.Duration","Label":"Duration","Category":"","Description":"","Attributes":0,"ValueType":"System.TimeSpan"},"Value":"00:00:00.0112978"},{"Key":{"Id":"TestResult.StartTime","Label":"Start Time","Category":"","Description":"","Attributes":0,"ValueType":"System.DateTimeOffset"},"Value":"2020-12-29T09:43:11.8256124+01:00"},{"Key":{"Id":"TestResult.EndTime","Label":"End Time","Category":"","Description":"","Attributes":0,"ValueType":"System.DateTimeOffset"},"Value":"2020-12-29T09:43:11.8627784+01:00"},{"Key":{"Id":"ExecutionId","Label":"ExecutionId","Category":"","Description":"","Attributes":1,"ValueType":"System.Guid"},"Value":"00000000-0000-0000-0000-000000000000"},{"Key":{"Id":"ParentExecId","Label":"ParentExecId","Category":"","Description":"","Attributes":1,"ValueType":"System.Guid"},"Value":"00000000-0000-0000-0000-000000000000"},{"Key":{"Id":"InnerResultsCount","Label":"InnerResultsCount","Category":"","Description":"","Attributes":1,"ValueType":"System.Int32"},"Value":0}]},{"TestCase":{"Properties":[{"Key":{"Id":"TestCase.FullyQualifiedName","Label":"FullyQualifiedName","Category":"","Description":"","Attributes":1,"ValueType":"System.String"},"Value":"UnitTestProject1.UnitTest1.TestMethod2"},{"Key":{"Id":"TestCase.ExecutorUri","Label":"Executor Uri","Category":"","Description":"","Attributes":1,"ValueType":"System.Uri"},"Value":"executor://MSTestAdapter/v2"},{"Key":{"Id":"TestCase.Source","Label":"Source","Category":"","Description":"","Attributes":0,"ValueType":"System.String"},"Value":"C:\\Users\\User\\Desktop\\VVS\\zadaca 3\\Domari\\UnitTestProject1\\bin\\Debug\\netcoreapp3.1\\UnitTestProject1.dll"},{"Key":{"Id":"TestCase.CodeFilePath","Label":"File Path","Category":"","Description":"","Attributes":0,"ValueType":"System.String"},"Value":null},{"Key":{"Id":"TestCase.DisplayName","Label":"Name","Category":"","Description":"","Attributes":0,"ValueType":"System.String"},"Value":"TestMethod2"},{"Key":{"Id":"TestCase.Id","Label":"Id","Category":"","Description":"","Attributes":1,"ValueType":"System.Guid"},"Value":"319e05fe-f9d0-1c51-f76e-027d0d2c12db"},{"Key":{"Id":"TestCase.LineNumber","Label":"Line Number","Category":"","Description":"","Attributes":1,"ValueType":"System.Int32"},"Value":-1},{"Key":{"Id":"MSTestDiscoverer.TestClassName","Label":"ClassName","Category":"","Description":"","Attributes":1,"ValueType":"System.String"},"Value":"UnitTestProject1.UnitTest1"},{"Key":{"Id":"TestObject.Traits","Label":"Traits","Category":"","Description":"","Attributes":5,"ValueType":"System.Collections.Generic.KeyValuePair`2[[System.String],[System.String]][]"},"Value":[]}]},"Attachments":[],"Messages":[],"Properties":[{"Key":{"Id":"TestResult.Outcome","Label":"Outcome","Category":"","Description":"","Attributes":0,"ValueType":"Microsoft.VisualStudio.TestPlatform.ObjectModel.TestOutcome, Microsoft.VisualStudio.TestPlatform.ObjectModel, Version=15.0.0.0, Culture=neutral, PublicKeyToken=b03f5f7f11d50a3a"},"Value":1},{"Key":{"Id":"TestResult.ErrorMessage","Label":"Error Message","Category":"","Description":"","Attributes":0,"ValueType":"System.String"},"Value":null},{"Key":{"Id":"TestResult.ErrorStackTrace","Label":"Error Stack Trace","Category":"","Description":"","Attributes":0,"ValueType":"System.String"},"Value":null},{"Key":{"Id":"TestResult.DisplayName","Label":"TestResult Display Name","Category":"","Description":"","Attributes":1,"ValueType":"System.String"},"Value":null},{"Key":{"Id":"TestResult.ComputerName","Label":"Computer Name","Category":"","Description":"","Attributes":0,"ValueType":"System.String"},"Value":""},{"Key":{"Id":"TestResult.Duration","Label":"Duration","Category":"","Description":"","Attributes":0,"ValueType":"System.TimeSpan"},"Value":"00:00:00.0007003"},{"Key":{"Id":"TestResult.StartTime","Label":"Start Time","Category":"","Description":"","Attributes":0,"ValueType":"System.DateTimeOffset"},"Value":"2020-12-29T09:43:11.8900972+01:00"},{"Key":{"Id":"TestResult.EndTime","Label":"End Time","Category":"","Description":"","Attributes":0,"ValueType":"System.DateTimeOffset"},"Value":"2020-12-29T09:43:11.8910052+01:00"},{"Key":{"Id":"ExecutionId","Label":"ExecutionId","Category":"","Description":"","Attributes":1,"ValueType":"System.Guid"},"Value":"00000000-0000-0000-0000-000000000000"},{"Key":{"Id":"ParentExecId","Label":"ParentExecId","Category":"","Description":"","Attributes":1,"ValueType":"System.Guid"},"Value":"00000000-0000-0000-0000-000000000000"},{"Key":{"Id":"InnerResultsCount","Label":"InnerResultsCount","Category":"","Description":"","Attributes":1,"ValueType":"System.Int32"},"Value":0}]},{"TestCase":{"Properties":[{"Key":{"Id":"TestCase.FullyQualifiedName","Label":"FullyQualifiedName","Category":"","Description":"","Attributes":1,"ValueType":"System.String"},"Value":"UnitTestProject1.UnitTest1.TestPrviIzuzetak"},{"Key":{"Id":"TestCase.ExecutorUri","Label":"Executor Uri","Category":"","Description":"","Attributes":1,"ValueType":"System.Uri"},"Value":"executor://MSTestAdapter/v2"},{"Key":{"Id":"TestCase.Source","Label":"Source","Category":"","Description":"","Attributes":0,"ValueType":"System.String"},"Value":"C:\\Users\\User\\Desktop\\VVS\\zadaca 3\\Domari\\UnitTestProject1\\bin\\Debug\\netcoreapp3.1\\UnitTestProject1.dll"},{"Key":{"Id":"TestCase.CodeFilePath","Label":"File Path","Category":"","Description":"","Attributes":0,"ValueType":"System.String"},"Value":null},{"Key":{"Id":"TestCase.DisplayName","Label":"Name","Category":"","Description":"","Attributes":0,"ValueType":"System.String"},"Value":"TestPrviIzuzetak"},{"Key":{"Id":"TestCase.Id","Label":"Id","Category":"","Description":"","Attributes":1,"ValueType":"System.Guid"},"Value":"45c454b8-a206-b877-1548-d47a86df72d8"},{"Key":{"Id":"TestCase.LineNumber","Label":"Line Number","Category":"","Description":"","Attributes":1,"ValueType":"System.Int32"},"Value":-1},{"Key":{"Id":"MSTestDiscoverer.TestClassName","Label":"ClassName","Category":"","Description":"","Attributes":1,"ValueType":"System.String"},"Value":"UnitTestProject1.UnitTest1"},{"Key":{"Id":"TestObject.Traits","Label":"Traits","Category":"","Description":"","Attributes":5,"ValueType":"System.Collections.Generic.KeyValuePair`2[[System.String],[System.String]][]"},"Value":[]}]},"Attachments":[],"Messages":[],"Properties":[{"Key":{"Id":"TestResult.Outcome","Label":"Outcome","Category":"","Description":"","Attributes":0,"ValueType":"Microsoft.VisualStudio.TestPlatform.ObjectModel.TestOutcome, Microsoft.VisualStudio.TestPlatform.ObjectModel, Version=15.0.0.0, Culture=neutral, PublicKeyToken=b03f5f7f11d50a3a"},"Value":1},{"Key":{"Id":"TestResult.ErrorMessage","Label":"Error Message","Category":"","Description":"","Attributes":0,"ValueType":"System.String"},"Value":null},{"Key":{"Id":"TestResult.ErrorStackTrace","Label":"Error Stack Trace","Category":"","Description":"","Attributes":0,"ValueType":"System.String"},"Value":null},{"Key":{"Id":"TestResult.DisplayName","Label":"TestResult Display Name","Category":"","Description":"","Attributes":1,"ValueType":"System.String"},"Value":null},{"Key":{"Id":"TestResult.ComputerName","Label":"Computer Name","Category":"","Description":"","Attributes":0,"ValueType":"System.String"},"Value":""},{"Key":{"Id":"TestResult.Duration","Label":"Duration","Category":"","Description":"","Attributes":0,"ValueType":"System.TimeSpan"},"Value":"00:00:00.0021930"},{"Key":{"Id":"TestResult.StartTime","Label":"Start Time","Category":"","Description":"","Attributes":0,"ValueType":"System.DateTimeOffset"},"Value":"2020-12-29T09:43:11.8929627+01:00"},{"Key":{"Id":"TestResult.EndTime","Label":"End Time","Category":"","Description":"","Attributes":0,"ValueType":"System.DateTimeOffset"},"Value":"2020-12-29T09:43:11.8953563+01:00"},{"Key":{"Id":"ExecutionId","Label":"ExecutionId","Category":"","Description":"","Attributes":1,"ValueType":"System.Guid"},"Value":"00000000-0000-0000-0000-000000000000"},{"Key":{"Id":"ParentExecId","Label":"ParentExecId","Category":"","Description":"","Attributes":1,"ValueType":"System.Guid"},"Value":"00000000-0000-0000-0000-000000000000"},{"Key":{"Id":"InnerResultsCount","Label":"InnerResultsCount","Category":"","Description":"","Attributes":1,"ValueType":"System.Int32"},"Value":0}]},{"TestCase":{"Properties":[{"Key":{"Id":"TestCase.FullyQualifiedName","Label":"FullyQualifiedName","Category":"","Description":"","Attributes":1,"ValueType":"System.String"},"Value":"UnitTestProject1.UnitTest1.TestDrugiIzuzetak"},{"Key":{"Id":"TestCase.ExecutorUri","Label":"Executor Uri","Category":"","Description":"","Attributes":1,"ValueType":"System.Uri"},"Value":"executor://MSTestAdapter/v2"},{"Key":{"Id":"TestCase.Source","Label":"Source","Category":"","Description":"","Attributes":0,"ValueType":"System.String"},"Value":"C:\\Users\\User\\Desktop\\VVS\\zadaca 3\\Domari\\UnitTestProject1\\bin\\Debug\\netcoreapp3.1\\UnitTestProject1.dll"},{"Key":{"Id":"TestCase.CodeFilePath","Label":"File Path","Category":"","Description":"","Attributes":0,"ValueType":"System.String"},"Value":null},{"Key":{"Id":"TestCase.DisplayName","Label":"Name","Category":"","Description":"","Attributes":0,"ValueType":"System.String"},"Value":"TestDrugiIzuzetak"},{"Key":{"Id":"TestCase.Id","Label":"Id","Category":"","Description":"","Attributes":1,"ValueType":"System.Guid"},"Value":"26767ad2-4f2c-c54f-7cc9-fcdedd27c8e7"},{"Key":{"Id":"TestCase.LineNumber","Label":"Line Number","Category":"","Description":"","Attributes":1,"ValueType":"System.Int32"},"Value":-1},{"Key":{"Id":"MSTestDiscoverer.TestClassName","Label":"ClassName","Category":"","Description":"","Attributes":1,"ValueType":"System.String"},"Value":"UnitTestProject1.UnitTest1"},{"Key":{"Id":"TestObject.Traits","Label":"Traits","Category":"","Description":"","Attributes":5,"ValueType":"System.Collections.Generic.KeyValuePair`2[[System.String],[System.String]][]"},"Value":[]}]},"Attachments":[],"Messages":[],"Properties":[{"Key":{"Id":"TestResult.Outcome","Label":"Outcome","Category":"","Description":"","Attributes":0,"ValueType":"Microsoft.VisualStudio.TestPlatform.ObjectModel.TestOutcome, Microsoft.VisualStudio.TestPlatform.ObjectModel, Version=15.0.0.0, Culture=neutral, PublicKeyToken=b03f5f7f11d50a3a"},"Value":1},{"Key":{"Id":"TestResult.ErrorMessage","Label":"Error Message","Category":"","Description":"","Attributes":0,"ValueType":"System.String"},"Value":null},{"Key":{"Id":"TestResult.ErrorStackTrace","Label":"Error Stack Trace","Category":"","Description":"","Attributes":0,"ValueType":"System.String"},"Value":null},{"Key":{"Id":"TestResult.DisplayName","Label":"TestResult Display Name","Category":"","Description":"","Attributes":1,"ValueType":"System.String"},"Value":null},{"Key":{"Id":"TestResult.ComputerName","Label":"Computer Name","Category":"","Description":"","Attributes":0,"ValueType":"System.String"},"Value":""},{"Key":{"Id":"TestResult.Duration","Label":"Duration","Category":"","Description":"","Attributes":0,"ValueType":"System.TimeSpan"},"Value":"00:00:00.0005414"},{"Key":{"Id":"TestResult.StartTime","Label":"Start Time","Category":"","Description":"","Attributes":0,"ValueType":"System.DateTimeOffset"},"Value":"2020-12-29T09:43:11.8980094+01:00"},{"Key":{"Id":"TestResult.EndTime","Label":"End Time","Category":"","Description":"","Attributes":0,"ValueType":"System.DateTimeOffset"},"Value":"2020-12-29T09:43:11.8987225+01:00"},{"Key":{"Id":"ExecutionId","Label":"ExecutionId","Category":"","Description":"","Attributes":1,"ValueType":"System.Guid"},"Value":"00000000-0000-0000-0000-000000000000"},{"Key":{"Id":"ParentExecId","Label":"ParentExecId","Category":"","Description":"","Attributes":1,"ValueType":"System.Guid"},"Value":"00000000-0000-0000-0000-000000000000"},{"Key":{"Id":"InnerResultsCount","Label":"InnerResultsCount","Category":"","Description":"","Attributes":1,"ValueType":"System.Int32"},"Value":0}]}],"TestRunStatistics":{"ExecutedTests":4,"Stats":{"Passed":4}},"ActiveTests":[]},"RunAttachments":[],"ExecutorUris":["executor://mstestadapter/v2"]}}
TpTrace Verbose: 0 : 12116, 9, 2020/12/29, 09:43:11.943, 1586136918068, vstest.console.dll, TestRequestSender.EndSession: Sending end session.
TpTrace Verbose: 0 : 12116, 9, 2020/12/29, 09:43:11.943, 1586136919564, vstest.console.dll, ProxyOperationManager.Close: waiting for test host to exit for 100 ms
TpTrace Warning: 0 : 12116, 10, 2020/12/29, 09:43:11.972, 1586137210762, vstest.console.dll, TestHostManagerCallbacks.ErrorReceivedCallback Test host standard error line: 
TpTrace Verbose: 0 : 12116, 7, 2020/12/29, 09:43:11.978, 1586137261625, vstest.console.dll, TestHostProvider.ExitCallBack: Host exited starting callback.
TpTrace Information: 0 : 12116, 7, 2020/12/29, 09:43:11.978, 1586137266369, vstest.console.dll, TestHostManagerCallbacks.ExitCallBack: Testhost processId: 8648 exited with exitcode: 0 error: ''
TpTrace Verbose: 0 : 12116, 7, 2020/12/29, 09:43:11.978, 1586137267282, vstest.console.dll, DotnetTestHostManager.OnHostExited: invoking OnHostExited callback
TpTrace Verbose: 0 : 12116, 7, 2020/12/29, 09:43:11.978, 1586137268155, vstest.console.dll, CrossPlatEngine.TestHostManagerHostExited: calling on client process exit callback.
TpTrace Information: 0 : 12116, 7, 2020/12/29, 09:43:11.978, 1586137268694, vstest.console.dll, TestRequestSender.OnClientProcessExit: Test host process exited. Standard error: 
TpTrace Warning: 0 : 12116, 9, 2020/12/29, 09:43:11.978, 1586137268704, vstest.console.dll, ProxyOperationManager: Timed out waiting for test host to exit. Will terminate process.
TpTrace Information: 0 : 12116, 7, 2020/12/29, 09:43:11.978, 1586137269087, vstest.console.dll, SocketServer.Stop: Stop server endPoint: 127.0.0.1:60245
TpTrace Information: 0 : 12116, 7, 2020/12/29, 09:43:11.978, 1586137269744, vstest.console.dll, SocketServer.Stop: Cancellation requested. Stopping message loop.
TpTrace Verbose: 0 : 12116, 9, 2020/12/29, 09:43:11.979, 1586137279362, vstest.console.dll, ProxyDataCollectionManager.InvokeDataCollectionServiceAction: Starting.
TpTrace Information: 0 : 12116, 9, 2020/12/29, 09:43:11.979, 1586137280010, vstest.console.dll, ProxyDataCollectionManager.AfterTestRunEnd: Get attachment set for datacollector processId: 14600 port: 60242
TpTrace Verbose: 0 : 12116, 9, 2020/12/29, 09:43:11.979, 1586137280645, vstest.console.dll, DataCollectionRequestSender.SendAfterTestRunStartAndGetResult : Send AfterTestRunEnd message with isCancelled: False
TpTrace Verbose: 0 : 12116, 9, 2020/12/29, 09:43:11.982, 1586137303862, vstest.console.dll, DataCollectionRequestSender.SendAfterTestRunStartAndGetResult : Received message: (DataCollection.SendMessage) -> {
  "FriendlyName": "Blame",
  "Uri": "datacollector://Microsoft/TestPlatform/Extensions/Blame/v1",
  "TestCaseId": "00000000-0000-0000-0000-000000000000",
  "Message": "All tests finished running, Sequence file will not be generated",
  "Level": 1
}
TpTrace Verbose: 0 : 12116, 9, 2020/12/29, 09:43:11.982, 1586137306399, vstest.console.dll, TestRunRequest:SendTestRunMessage: Starting.
TpTrace Information: 0 : 12116, 9, 2020/12/29, 09:43:11.982, 1586137307072, vstest.console.dll, TestRunRequest:SendTestRunMessage: Completed.
TpTrace Verbose: 0 : 12116, 9, 2020/12/29, 09:43:11.982, 1586137307882, vstest.console.dll, DataCollectionRequestSender.SendAfterTestRunStartAndGetResult : Received message: (DataCollection.AfterTestRunEndResult) -> []
TpTrace Information: 0 : 12116, 9, 2020/12/29, 09:43:11.984, 1586137326765, vstest.console.dll, ProxyDataCollectionManager.InvokeDataCollectionServiceAction: Completed.
TpTrace Warning: 0 : 12116, 6, 2020/12/29, 09:43:11.988, 1586137362058, vstest.console.dll, DataCollectionLauncher.ErrorReceivedCallback datacollector standard error line: 
TpTrace Information: 0 : 12116, 7, 2020/12/29, 09:43:11.992, 1586137403831, vstest.console.dll, DataCollectionLauncher.ExitCallBack: Data collector exited with exitcode: 0 error: ''
TpTrace Verbose: 0 : 12116, 9, 2020/12/29, 09:43:12.043, 1586137919411, vstest.console.dll, TestRunRequest:SendTestRunStatsChange: Starting.
TpTrace Information: 0 : 12116, 9, 2020/12/29, 09:43:12.044, 1586137921435, vstest.console.dll, TestRunRequest:SendTestRunStatsChange: Completed.
TpTrace Verbose: 0 : 12116, 9, 2020/12/29, 09:43:12.044, 1586137922844, vstest.console.dll, ParallelProxyExecutionManager: HandlePartialRunComplete: Total completed clients = 1, Run complete = True, Run canceled: False.
TpTrace Verbose: 0 : 12116, 9, 2020/12/29, 09:43:12.053, 1586138014246, vstest.console.dll, TestRunRequest:TestRunComplete: Starting. IsAborted:False IsCanceled:False.
TpTrace Verbose: 0 : 12116, 9, 2020/12/29, 09:43:12.053, 1586138016064, vstest.console.dll, TestLoggerManager.HandleTestRunComplete: Ignoring as the object is disposed.
TpTrace Information: 0 : 12116, 9, 2020/12/29, 09:43:12.053, 1586138018719, vstest.console.dll, TestRunRequest:TestRunComplete: Completed.
TpTrace Verbose: 0 : 12116, 9, 2020/12/29, 09:43:12.053, 1586138019182, vstest.console.dll, TestRequestSender.SetOperationComplete: Setting operation complete.
TpTrace Verbose: 0 : 12116, 1, 2020/12/29, 09:43:12.053, 1586138019262, vstest.console.dll, TestRunRequest.Dispose: Starting.
TpTrace Information: 0 : 12116, 9, 2020/12/29, 09:43:12.053, 1586138019512, vstest.console.dll, SocketServer.Stop: Stop server endPoint: 127.0.0.1:60245
TpTrace Information: 0 : 12116, 1, 2020/12/29, 09:43:12.053, 1586138020036, vstest.console.dll, TestRunRequest.Dispose: Completed.
TpTrace Information: 0 : 12116, 9, 2020/12/29, 09:43:12.053, 1586138020620, vstest.console.dll, SocketServer.Stop: Cancellation requested. Stopping message loop.
TpTrace Information: 0 : 12116, 1, 2020/12/29, 09:43:12.053, 1586138020670, vstest.console.dll, TestRequestManager.RunTests: run tests completed.
TpTrace Information: 0 : 12116, 9, 2020/12/29, 09:43:12.054, 1586138021256, vstest.console.dll, SocketServer.PrivateStop: Stop server endPoint: 127.0.0.1:60245 error: 
TpTrace Information: 0 : 12116, 1, 2020/12/29, 09:43:12.054, 1586138022095, vstest.console.dll, RunTestsArgumentProcessor:Execute: Test run is completed.
TpTrace Verbose: 0 : 12116, 1, 2020/12/29, 09:43:12.054, 1586138022499, vstest.console.dll, Executor.Execute: Exiting with exit code of 0
TpTrace Verbose: 0 : 12116, 9, 2020/12/29, 09:43:12.054, 1586138025103, vstest.console.dll, LengthPrefixCommunicationChannel.Dispose: Dispose reader and writer.
TpTrace Information: 0 : 12116, 9, 2020/12/29, 09:43:12.054, 1586138025683, vstest.console.dll, SocketServer.Stop: Raise disconnected event endPoint: 127.0.0.1:60245 error: 
TpTrace Verbose: 0 : 12116, 9, 2020/12/29, 09:43:12.054, 1586138026195, vstest.console.dll, TestRequestSender: OnTestRunAbort: Operation is already complete. Skip error message.
TpTrace Verbose: 0 : 12116, 9, 2020/12/29, 09:43:12.054, 1586138026594, vstest.console.dll, TcpClientExtensions.MessageLoopAsync: exiting MessageLoopAsync remoteEndPoint: 127.0.0.1:60247 localEndPoint: 127.0.0.1:60245
